Arguments: 
  C:\Program Files\nodejs\node.exe C:\Program Files (x86)\Yarn\bin\yarn.js add dotenv

PATH: 
  C:\Python312\Scripts\;C:\Python312\;C:\Program Files (x86)\Common Files\Oracle\Java\javapath;C:\Program Files (x86)\VMware\VMware Workstation\bin\;C:\WINDOWS\system32;C:\WINDOWS;C:\WINDOWS\System32\Wbem;C:\WINDOWS\System32\WindowsPowerShell\v1.0\;C:\WINDOWS\System32\OpenSSH\;C:\Program Files\Bandizip\;C:\Program Files\Git\cmd;%NVM_HOME%;%NVM_SYMLINK%;C:\ProgramData\chocolatey\bin;C:\Program Files (x86)\Yarn\bin\;C:\Program Files\dotnet\;C:\Program Files\nodejs\;C:\Users\Apo\AppData\Local\pnpm;C:\Users\Apo\AppData\Local\Microsoft\WindowsApps;C:\Users\Apo\AppData\Roaming\nvm;C:\Program Files\nodejs;C:\Users\Apo\AppData\Local\Programs\Microsoft VS Code\bin;C:\Users\Apo\AppData\Local\Yarn\bin;C:\Users\Apo\AppData\Roaming\npm

Yarn version: 
  1.22.19

Node version: 
  18.20.2

Platform: 
  win32 x64

Trace: 
  Error: EPERM: operation not permitted, unlink 'E:\project\@tomb_finance\Masonry\node_modules\@nomicfoundation\solidity-analyzer-win32-x64-msvc\solidity-analyzer.win32-x64-msvc.node'

npm manifest: 
  {
    "name": "masonry",
    "version": "1.0.0",
    "description": "",
    "main": "index.js",
    "scripts": {
      "test": "echo \"Error: no test specified\" && exit 1"
    },
    "author": "",
    "license": "ISC",
    "devDependencies": {
      "@nomicfoundation/hardhat-toolbox-viem": "^3.0.0",
      "hardhat": "^2.22.3"
    },
    "dependencies": {
      "@openzeppelin/contracts": "^3.4.1"
    }
  }

yarn manifest: 
  No manifest

Lockfile: 
  No lockfile
